#
# There is insufficient memory for the Java Runtime Environment to continue.
# Native memory allocation (mmap) failed to map 132120576 bytes for Failed to commit area from 0x0000000083000000 to 0x000000008ae00000 of length 132120576.
# Possible reasons:
#   The system is out of physical RAM or swap space
#   The process is running with CompressedOops enabled, and the Java Heap may be blocking the growth of the native heap
# Possible solutions:
#   Reduce memory load on the system
#   Increase physical memory or swap space
#   Check if swap backing store is full
#   Decrease Java heap size (-Xmx/-Xms)
#   Decrease number of Java threads
#   Decrease Java thread stack sizes (-Xss)
#   Set larger code cache with -XX:ReservedCodeCacheSize=
#   JVM is running with Unscaled Compressed Oops mode in which the Java heap is
#     placed in the first 4GB address space. The Java Heap base address is the
#     maximum limit for the native heap growth. Please use -XX:HeapBaseMinAddress
#     to set the Java Heap base and to place the Java Heap above 4GB virtual address.
# This output file may be truncated or incomplete.
#
#  Out of Memory Error (./open/src/hotspot/os/windows/os_windows.cpp:3315), pid=32728, tid=15876
#
# JRE version:  (14.0.2+12) (build )
# Java VM: Java HotSpot(TM) 64-Bit Server VM (14.0.2+12-46, mixed mode, sharing, tiered, compressed oops, g1 gc, windows-amd64)
# No core dump will be written. Minidumps are not enabled by default on client versions of Windows
#

---------------  S U M M A R Y ------------

Command Line: -Dfile.encoding=UTF-8 Testcases.ClearTripTestCase1

Host: Intel(R) Core(TM) i5-10210U CPU @ 1.60GHz, 8 cores, 7G,  Windows 10 , 64 bit Build 18362 (10.0.18362.959)
Time: Tue Jul 28 12:56:11 2020 India Standard Time elapsed time: 0 seconds (0d 0h 0m 0s)

---------------  T H R E A D  ---------------

Current thread (0x000001d659bb2800):  JavaThread "Unknown thread" [_thread_in_vm, id=15876, stack(0x000000cecb600000,0x000000cecb700000)]

Stack: [0x000000cecb600000,0x000000cecb700000]
Native frames: (J=compiled Java code, j=interpreted, Vv=VM code, C=native code)
V  [jvm.dll+0x5f8a9a]
V  [jvm.dll+0x74247a]
V  [jvm.dll+0x743c2f]
V  [jvm.dll+0x744273]
V  [jvm.dll+0x20d288]
V  [jvm.dll+0x5f5dea]
V  [jvm.dll+0x5eac45]
V  [jvm.dll+0x2c7e9c]
V  [jvm.dll+0x2c7cd2]
V  [jvm.dll+0x2cdbbc]
V  [jvm.dll+0x313fe8]
V  [jvm.dll+0x313710]
V  [jvm.dll+0x2a092a]
V  [jvm.dll+0x2a1a79]
V  [jvm.dll+0x71fd48]
V  [jvm.dll+0x321c14]
V  [jvm.dll+0x70112c]
V  [jvm.dll+0x392def]
V  [jvm.dll+0x394e61]
C  [jli.dll+0x524b]
C  [ucrtbase.dll+0x20e82]
C  [KERNEL32.DLL+0x17bd4]
C  [ntdll.dll+0x6ce51]


---------------  P R O C E S S  ---------------

Threads class SMR info:
_java_thread_list=0x00007ffd26483038, length=0, elements={
}

Java Threads: ( => current thread )

Other Threads:
  0x000001d659bf6000 GCTaskThread "GC Thread#0" [stack: 0x000000cecb700000,0x000000cecb800000] [id=40716]
  0x000001d659c07800 ConcurrentGCThread "G1 Main Marker" [stack: 0x000000cecb800000,0x000000cecb900000] [id=37880]
  0x000001d659c09800 ConcurrentGCThread "G1 Conc#0" [stack: 0x000000cecb900000,0x000000cecba00000] [id=2620]

[error occurred during error reporting (printing all threads), id 0xc0000005, EXCEPTION_ACCESS_VIOLATION (0xc0000005) at pc=0x00007ffd25cb1257]

VM state:not at safepoint (not fully initialized)

VM Mutex/Monitor currently owned by a thread:  ([mutex/lock_event])
[0x000001d659bafe50] Heap_lock - owner thread: 0x000001d659bb2800

Heap address: 0x0000000083000000, size: 2000 MB, Compressed Oops mode: 32-bit
Narrow klass base: 0x0000000000000000, Narrow klass shift: 0

GC Heap History (0 events):
No events

Deoptimization events (0 events):
No events

Classes unloaded (0 events):
No events

Classes redefined (0 events):
No events

Internal exceptions (0 events):
No events

Events (2 events):
Event: 0.006 Loaded shared library C:\Program Files\Java\jdk-14.0.2\bin\java.dll
Event: 0.007 Loaded shared library C:\Program Files\Java\jdk-14.0.2\bin\zip.dll


Dynamic libraries:
0x00007ff7ece50000 - 0x00007ff7ece5f000 	C:\Program Files\Java\jdk-14.0.2\bin\javaw.exe
0x00007ffd69840000 - 0x00007ffd69a30000 	C:\windows\SYSTEM32\ntdll.dll
0x00007ffd69740000 - 0x00007ffd697f2000 	C:\windows\System32\KERNEL32.DLL
0x00007ffd66ae0000 - 0x00007ffd66d84000 	C:\windows\System32\KERNELBASE.dll
0x00007ffd66f90000 - 0x00007ffd6708a000 	C:\windows\System32\ucrtbase.dll
0x00007ffd4aa90000 - 0x00007ffd4aaa8000 	C:\Program Files\Java\jdk-14.0.2\bin\jli.dll
0x00007ffd4aab0000 - 0x00007ffd4aac5000 	C:\Program Files\Java\jdk-14.0.2\bin\VCRUNTIME140.dll
0x00007ffd68c00000 - 0x00007ffd68ca3000 	C:\windows\System32\ADVAPI32.dll
0x00007ffd693a0000 - 0x00007ffd6943e000 	C:\windows\System32\msvcrt.dll
0x00007ffd67960000 - 0x00007ffd679f7000 	C:\windows\System32\sechost.dll
0x00007ffd67e30000 - 0x00007ffd67f50000 	C:\windows\System32\RPCRT4.dll
0x00007ffd695a0000 - 0x00007ffd69734000 	C:\windows\System32\USER32.dll
0x00007ffd67090000 - 0x00007ffd670b1000 	C:\windows\System32\win32u.dll
0x00007ffd69570000 - 0x00007ffd69596000 	C:\windows\System32\GDI32.dll
0x00007ffd4c460000 - 0x00007ffd4c6e4000 	C:\windows\WinSxS\amd64_microsoft.windows.common-controls_6595b64144ccf1df_6.0.18362.959_none_e6c7bbbf130c62bb\COMCTL32.dll
0x00007ffd66df0000 - 0x00007ffd66f86000 	C:\windows\System32\gdi32full.dll
0x00007ffd68e80000 - 0x00007ffd691b5000 	C:\windows\System32\combase.dll
0x00007ffd67850000 - 0x00007ffd678ee000 	C:\windows\System32\msvcp_win.dll
0x00007ffd66870000 - 0x00007ffd668f0000 	C:\windows\System32\bcryptPrimitives.dll
0x00007ffd61500000 - 0x00007ffd6150a000 	C:\windows\SYSTEM32\VERSION.dll
0x00007ffd68430000 - 0x00007ffd6845e000 	C:\windows\System32\IMM32.DLL
0x00007ffd3a160000 - 0x00007ffd3a1fb000 	C:\Program Files\Java\jdk-14.0.2\bin\msvcp140.dll
0x00007ffd25a00000 - 0x00007ffd2651e000 	C:\Program Files\Java\jdk-14.0.2\bin\server\jvm.dll
0x00007ffd67e20000 - 0x00007ffd67e28000 	C:\windows\System32\PSAPI.DLL
0x00007ffd61f40000 - 0x00007ffd61f49000 	C:\windows\SYSTEM32\WSOCK32.dll
0x00007ffd57500000 - 0x00007ffd57524000 	C:\windows\SYSTEM32\WINMM.dll
0x00007ffd683c0000 - 0x00007ffd6842f000 	C:\windows\System32\WS2_32.dll
0x00007ffd574d0000 - 0x00007ffd574fd000 	C:\windows\SYSTEM32\winmmbase.dll
0x00007ffd668f0000 - 0x00007ffd6693a000 	C:\windows\System32\cfgmgr32.dll
0x00007ffd66700000 - 0x00007ffd66711000 	C:\windows\System32\kernel.appcore.dll
0x00007ffd61af0000 - 0x00007ffd61afa000 	C:\Program Files\Java\jdk-14.0.2\bin\jimage.dll
0x00007ffd65020000 - 0x00007ffd65214000 	C:\windows\SYSTEM32\DBGHELP.DLL
0x00007ffd59090000 - 0x00007ffd590ba000 	C:\windows\SYSTEM32\dbgcore.DLL
0x00007ffd5d9a0000 - 0x00007ffd5d9c5000 	C:\Program Files\Java\jdk-14.0.2\bin\java.dll
0x00007ffd61970000 - 0x00007ffd61986000 	C:\Program Files\Java\jdk-14.0.2\bin\zip.dll

dbghelp: loaded successfully - version: 4.0.5 - missing functions: none
symbol engine: initialized successfully - sym options: 0x614 - pdb path: .;C:\Program Files\Java\jdk-14.0.2\bin;C:\windows\SYSTEM32;C:\windows\WinSxS\amd64_microsoft.windows.common-controls_6595b64144ccf1df_6.0.18362.959_none_e6c7bbbf130c62bb;C:\Program Files\Java\jdk-14.0.2\bin\server

VM Arguments:
jvm_args: -Dfile.encoding=UTF-8 
java_command: Testcases.ClearTripTestCase1
java_class_path (initial): D:\Selenium_Keerthi\PageObjectModel_Test\target\test-classes;D:\Selenium_Keerthi\PageObjectModel_Test\target\classes;C:\Users\KEERTHI PRIYA\.m2\repository\junit\junit\4.11\junit-4.11.jar;C:\Users\KEERTHI PRIYA\.m2\repository\org\hamcrest\hamcrest-core\1.3\hamcrest-core-1.3.jar;C:\Users\KEERTHI PRIYA\.m2\repository\com\google\guava\guava\21.0\guava-21.0.jar;C:\Users\KEERTHI PRIYA\.m2\repository\org\seleniumhq\selenium\selenium-java\2.45.0\selenium-java-2.45.0.jar;C:\Users\KEERTHI PRIYA\.m2\repository\org\seleniumhq\selenium\selenium-chrome-driver\2.45.0\selenium-chrome-driver-2.45.0.jar;C:\Users\KEERTHI PRIYA\.m2\repository\org\seleniumhq\selenium\selenium-remote-driver\2.45.0\selenium-remote-driver-2.45.0.jar;C:\Users\KEERTHI PRIYA\.m2\repository\cglib\cglib-nodep\2.1_3\cglib-nodep-2.1_3.jar;C:\Users\KEERTHI PRIYA\.m2\repository\com\google\code\gson\gson\2.3.1\gson-2.3.1.jar;C:\Users\KEERTHI PRIYA\.m2\repository\org\seleniumhq\selenium\selenium-api\2.45.0\selenium-api-2.45.0.jar;C:\Users\KEERTHI PRIYA\.m2\repository\org\seleniumhq\selenium\selenium-htmlunit-driver\2.45.0\selenium-htmlunit-driver-2.45.0.jar;C:\Users\KEERTHI PRIYA\.m2\repository\net\sourceforge\htmlunit\htmlunit\2.15\htmlunit-2.15.jar;C:\Users\KEERTHI PRIYA\.m2\repository\xalan\xalan\2.7.1\xalan-2.7.1.jar;C:\Users\KEERTHI PRIYA\.m2\repository\xalan\serializer\2.7.1\serializer-2.7.1.jar;C:\Users\KEERTHI PRIYA\.m2\repository\commons-collections\commons-collections\3.2.1\commons-collections-3.2.1.jar;C:\Users\KEERTHI PRIYA\.m2\repository\org\apache\commons\commons-lang3\3.3.2\commons-lang3-3.3.2.jar;C:\Users\KEERTHI PRIYA\.m2\repository\org\apache\httpcomponents\httpmime\4.3.3\httpmime-4.3.3.jar;C:\Users\KEERTHI PRIYA\.m2\repository\net\sourceforge\htmlunit\htmlunit-core-js\2.15\htmlunit-core-js-2.15.jar;C:\Users\KEERTHI PRIYA\.m2\repository\xerces\xercesImpl\2.11.0\xercesImpl-2.11.0.jar;C:\Users\KEERTHI PRIYA\.m2\repository\net\sourceforge\nekohtml\nekohtml\1.9.21\nekohtml-1
Launcher Type: SUN_STANDARD

[Global flags]
     intx CICompilerCount                          = 4                                         {product} {ergonomic}
     uint ConcGCThreads                            = 2                                         {product} {ergonomic}
     uint G1ConcRefinementThreads                  = 8                                         {product} {ergonomic}
   size_t G1HeapRegionSize                         = 1048576                                   {product} {ergonomic}
    uintx GCDrainStackTargetSize                   = 64                                        {product} {ergonomic}
   size_t InitialHeapSize                          = 132120576                                 {product} {ergonomic}
   size_t MarkStackSize                            = 4194304                                   {product} {ergonomic}
   size_t MaxHeapSize                              = 2097152000                                {product} {ergonomic}
   size_t MinHeapDeltaBytes                        = 1048576                                   {product} {ergonomic}
   size_t MinHeapSize                              = 8388608                                   {product} {ergonomic}
    uintx NonNMethodCodeHeapSize                   = 5839372                                {pd product} {ergonomic}
    uintx NonProfiledCodeHeapSize                  = 122909434                              {pd product} {ergonomic}
    uintx ProfiledCodeHeapSize                     = 122909434                              {pd product} {ergonomic}
    uintx ReservedCodeCacheSize                    = 251658240                              {pd product} {ergonomic}
     bool SegmentedCodeCache                       = true                                      {product} {ergonomic}
   size_t SoftMaxHeapSize                          = 2097152000                             {manageable} {ergonomic}
     bool UseCompressedClassPointers               = true                                 {lp64_product} {ergonomic}
     bool UseCompressedOops                        = true                                 {lp64_product} {ergonomic}
     bool UseG1GC                                  = true                                      {product} {ergonomic}
     bool UseLargePagesIndividualAllocation        = false                                  {pd product} {ergonomic}

Logging:
Log output configuration:
 #0: stdout all=warning uptime,level,tags
 #1: stderr all=off uptime,level,tags

Environment Variables:
JAVA_HOME=C:\Program Files\Java\jdk-14.0.2
PATH=C:/Program Files/Java/jdk-14.0.2/bin/server;C:/Program Files/Java/jdk-14.0.2/bin;C:\windows\system32;C:\windows;C:\windows\System32\Wbem;C:\windows\System32\WindowsPowerShell\v1.0\;C:\windows\System32\OpenSSH\;C:\Program Files\Git\cmd;C:\Program Files\Java\jdk-14.0.2\bin;C:\Program Files\apache-maven-3.6.3\bin;C:\Users\KEERTHI PRIYA\AppData\Local\Microsoft\WindowsApps;;C:\Users\KEERTHI PRIYA\Desktop;
USERNAME=KEERTHI PRIYA
OS=Windows_NT
PROCESSOR_IDENTIFIER=Intel64 Family 6 Model 142 Stepping 12, GenuineIntel



---------------  S Y S T E M  ---------------

OS: Windows 10 , 64 bit Build 18362 (10.0.18362.959)
OS uptime: 4 days 1:37 hours

CPU:total 8 (initial active 8) (4 cores per cpu, 2 threads per core) family 6 model 142 stepping 12, cmov, cx8, fxsr, mmx, sse, sse2, sse3, ssse3, sse4.1, sse4.2, popcnt, avx, avx2, aes, clmul, erms, 3dnowpref, lzcnt, ht, tsc, tscinvbit, bmi1, bmi2, adx, fma

Memory: 4k page, system-wide physical 7995M (1208M free)
TotalPageFile size 32571M (AvailPageFile size 126M)
current process WorkingSet (physical memory assigned to process): 10M, peak: 10M
current process commit charge ("private bytes"): 60M, peak: 186M

vm_info: Java HotSpot(TM) 64-Bit Server VM (14.0.2+12-46) for windows-amd64 JRE (14.0.2+12-46), built on Jul  9 2020 00:35:52 by "mach5one" with MS VC++ 15.9 (VS2017)

END.
